#
# A fatal error has been detected by the Java Runtime Environment:
#
#  EXCEPTION_ACCESS_VIOLATION (0xc0000005) at pc=0x0000000052049faf, pid=7632, tid=0x0000000000001d8c
#
# JRE version: OpenJDK Runtime Environment (8.0_112) (build 1.8.0_112-release-736)
# Java VM: OpenJDK 64-Bit Server VM (25.112-b736 mixed mode windows-amd64 compressed oops)
# Problematic frame:
# V  [jvm.dll+0x159faf]
#
# Failed to write core dump. Minidumps are not enabled by default on client versions of Windows
#
# If you would like to submit a bug report, please visit:
#   http://bugreport.java.com/bugreport/crash.jsp
#

---------------  T H R E A D  ---------------

Current thread (0x0000000019581000):  JavaThread "Daemon worker" [_thread_in_vm, id=7564, stack(0x000000001ae70000,0x000000001af70000)]

siginfo: ExceptionCode=0xc0000005, reading address 0xffffffffffffffff

Registers:
RAX=0x000000001b49e560, RBX=0x0000000019581000, RCX=0x002000001b49ed78, RDX=0x0000000000000000
RSP=0x000000001af6b5a0, RBP=0x00000000198d7f50, RSI=0x0000000000000004, RDI=0x0000000019565b00
R8 =0x0000000000000004, R9 =0x0000000000000000, R10=0x00000000198cb7c0, R11=0x00000000198d7f70
R12=0x000000001af6b670, R13=0x0000000019565b00, R14=0x0000000000000009, R15=0x0000000000000009
RIP=0x0000000052049faf, EFLAGS=0x0000000000010246

Top of Stack: (sp=0x000000001af6b5a0)
0x000000001af6b5a0:   0000000000000000 000000000000001d
0x000000001af6b5b0:   000000001af6b670 0000000052000000
0x000000001af6b5c0:   000000001af6b658 00007ffa8edf1b8c
0x000000001af6b5d0:   0000000000000004 0000000019772fc0
0x000000001af6b5e0:   0000000019772fb8 0000000000000000
0x000000001af6b5f0:   0000000019565b00 0000000000000000
0x000000001af6b600:   0000000000000001 00007ffa8edf630d
0x000000001af6b610:   00000000ffffffff 000000001af6b710
0x000000001af6b620:   00000000195811e0 000000001af6b670
0x000000001af6b630:   000000001af6b640 0000000000000000
0x000000001af6b640:   0000000019772fa0 000000001af6b670
0x000000001af6b650:   0000000019565b00 00000000198d7f40
0x000000001af6b660:   00000000195811e0 00000000520f43f9
0x000000001af6b670:   00000000195811e0 000000001b703610
0x000000001af6b680:   0000000000000446 000000001af6b708
0x000000001af6b690:   00000000198d7f40 0000000000000001 

Instructions: (pc=0x0000000052049faf)
0x0000000052049f8f:   8b 4a 58 48 85 c9 74 0c 48 39 01 75 07 48 8b 42
0x0000000052049f9f:   60 48 8b 00 48 8b 80 70 01 00 00 48 8b 4c f0 08
0x0000000052049faf:   48 8b 41 08 0f b7 78 20 c7 83 58 02 00 00 07 00
0x0000000052049fbf:   00 00 83 3d a0 c5 65 00 01 75 09 80 3d a2 b8 65 


Register to memory mapping:

RAX=0x000000001b49e560 is pointing into metadata
RBX=0x0000000019581000 is a thread
RCX=0x002000001b49ed78 is an unknown value
RDX=0x0000000000000000 is an unknown value
RSP=0x000000001af6b5a0 is pointing into the stack for thread: 0x0000000019581000
RBP=0x00000000198d7f50 is an unknown value
RSI=0x0000000000000004 is an unknown value
RDI=0x0000000019565b00 is an unknown value
R8 =0x0000000000000004 is an unknown value
R9 =0x0000000000000000 is an unknown value
R10=0x00000000198cb7c0 is an unknown value
R11=0x00000000198d7f70 is an unknown value
R12=0x000000001af6b670 is pointing into the stack for thread: 0x0000000019581000
R13=0x0000000019565b00 is an unknown value
R14=0x0000000000000009 is an unknown value
R15=0x0000000000000009 is an unknown value


Stack: [0x000000001ae70000,0x000000001af70000],  sp=0x000000001af6b5a0,  free space=1005k
Native frames: (J=compiled Java code, j=interpreted, Vv=VM code, C=native code)
V  [jvm.dll+0x159faf]
C  [verify.dll+0x1b8c]
C  [verify.dll+0x630d]
C  [java.dll+0x10536]
V  [jvm.dll+0x5ca7d]
V  [jvm.dll+0x66a29]
V  [jvm.dll+0xea6d6]
V  [jvm.dll+0xeefa7]
V  [jvm.dll+0xef485]
V  [jvm.dll+0x9610d]
C  0x0000000002dd5075

Java frames: (J=compiled Java code, j=interpreted, Vv=VM code)
j  org.apache.commons.collections.map.AbstractReferenceMap.createEntry(Lorg/apache/commons/collections/map/AbstractHashedMap$HashEntry;ILjava/lang/Object;Ljava/lang/Object;)Lorg/apache/commons/collections/map/AbstractHashedMap$HashEntry;+0
j  org.apache.commons.collections.map.AbstractHashedMap.addMapping(IILjava/lang/Object;Ljava/lang/Object;)V+21
j  org.apache.commons.collections.map.AbstractHashedMap.put(Ljava/lang/Object;Ljava/lang/Object;)Ljava/lang/Object;+93
j  org.apache.commons.collections.map.AbstractReferenceMap.put(Ljava/lang/Object;Ljava/lang/Object;)Ljava/lang/Object;+35
j  org.gradle.api.internal.AbstractClassGenerator.generateUnderLock(Ljava/lang/Class;)Ljava/lang/Class;+1055
j  org.gradle.api.internal.AbstractClassGenerator.generate(Ljava/lang/Class;)Ljava/lang/Class;+10
j  org.gradle.api.internal.ClassGeneratorBackedInstantiator.newInstance(Ljava/lang/Class;[Ljava/lang/Object;)Ljava/lang/Object;+13
j  org.gradle.plugin.internal.PluginUsePluginServiceRegistry$BuildScopeServices.createPluginResolutionStrategy(Lorg/gradle/internal/reflect/Instantiator;Lorg/gradle/internal/event/ListenerManager;)Lorg/gradle/plugin/management/internal/PluginResolutionStrategyInternal;+12
v  ~StubRoutines::call_stub
j  sun.reflect.NativeMethodAccessorImpl.invoke0(Ljava/lang/reflect/Method;Ljava/lang/Object;[Ljava/lang/Object;)Ljava/lang/Object;+0
j  sun.reflect.NativeMethodAccessorImpl.invoke(Ljava/lang/Object;[Ljava/lang/Object;)Ljava/lang/Object;+100
J 850 C1 sun.reflect.DelegatingMethodAccessorImpl.invoke(Ljava/lang/Object;[Ljava/lang/Object;)Ljava/lang/Object; (10 bytes) @ 0x00000000030ff404 [0x00000000030ff300+0x104]
J 849 C1 java.lang.reflect.Method.invoke(Ljava/lang/Object;[Ljava/lang/Object;)Ljava/lang/Object; (62 bytes) @ 0x00000000030fffac [0x00000000030ffbc0+0x3ec]
j  org.gradle.internal.reflect.JavaMethod.invoke(Ljava/lang/Object;[Ljava/lang/Object;)Ljava/lang/Object;+6
j  org.gradle.internal.service.DefaultServiceRegistry.invoke(Ljava/lang/reflect/Method;Ljava/lang/Object;[Ljava/lang/Object;)Ljava/lang/Object;+9
j  org.gradle.internal.service.DefaultServiceRegistry.access$1200(Ljava/lang/reflect/Method;Ljava/lang/Object;[Ljava/lang/Object;)Ljava/lang/Object;+3
j  org.gradle.internal.service.DefaultServiceRegistry$FactoryMethodService.invokeMethod([Ljava/lang/Object;)Ljava/lang/Object;+9
j  org.gradle.internal.service.DefaultServiceRegistry$FactoryService.create()Ljava/lang/Object;+7
j  org.gradle.internal.service.DefaultServiceRegistry$ManagedObjectProvider.getInstance()Ljava/lang/Object;+9
j  org.gradle.internal.service.DefaultServiceRegistry$SingletonService.get()Ljava/lang/Object;+1
j  org.gradle.internal.service.DefaultServiceRegistry$FactoryService.assembleParameters()[Ljava/lang/Object;+30
j  org.gradle.internal.service.DefaultServiceRegistry$FactoryService.create()Ljava/lang/Object;+1
j  org.gradle.internal.service.DefaultServiceRegistry$ManagedObjectProvider.getInstance()Ljava/lang/Object;+9
j  org.gradle.internal.service.DefaultServiceRegistry$SingletonService.get()Ljava/lang/Object;+1
j  org.gradle.internal.service.DefaultServiceRegistry.doGet(Ljava/lang/reflect/Type;)Ljava/lang/Object;+87
j  org.gradle.internal.service.DefaultServiceRegistry.get(Ljava/lang/Class;)Ljava/lang/Object;+3
j  org.gradle.internal.service.scopes.BuildScopeServices.defaultScriptPluginFactory()Lorg/gradle/configuration/DefaultScriptPluginFactory;+45
j  org.gradle.internal.service.scopes.BuildScopeServices.createScriptPluginFactory(Lorg/gradle/internal/progress/BuildOperationExecutor;)Lorg/gradle/configuration/ScriptPluginFactory;+1
v  ~StubRoutines::call_stub
j  sun.reflect.NativeMethodAccessorImpl.invoke0(Ljava/lang/reflect/Method;Ljava/lang/Object;[Ljava/lang/Object;)Ljava/lang/Object;+0
j  sun.reflect.NativeMethodAccessorImpl.invoke(Ljava/lang/Object;[Ljava/lang/Object;)Ljava/lang/Object;+100
J 850 C1 sun.reflect.DelegatingMethodAccessorImpl.invoke(Ljava/lang/Object;[Ljava/lang/Object;)Ljava/lang/Object; (10 bytes) @ 0x00000000030ff404 [0x00000000030ff300+0x104]
J 849 C1 java.lang.reflect.Method.invoke(Ljava/lang/Object;[Ljava/lang/Object;)Ljava/lang/Object; (62 bytes) @ 0x00000000030fffac [0x00000000030ffbc0+0x3ec]
j  org.gradle.internal.reflect.JavaMethod.invoke(Ljava/lang/Object;[Ljava/lang/Object;)Ljava/lang/Object;+6
j  org.gradle.internal.service.DefaultServiceRegistry.invoke(Ljava/lang/reflect/Method;Ljava/lang/Object;[Ljava/lang/Object;)Ljava/lang/Object;+9
j  org.gradle.internal.service.DefaultServiceRegistry.access$1200(Ljava/lang/reflect/Method;Ljava/lang/Object;[Ljava/lang/Object;)Ljava/lang/Object;+3
j  org.gradle.internal.service.DefaultServiceRegistry$FactoryMethodService.invokeMethod([Ljava/lang/Object;)Ljava/lang/Object;+9
j  org.gradle.internal.service.DefaultServiceRegistry$FactoryService.create()Ljava/lang/Object;+7
j  org.gradle.internal.service.DefaultServiceRegistry$ManagedObjectProvider.getInstance()Ljava/lang/Object;+9
j  org.gradle.internal.service.DefaultServiceRegistry$SingletonService.get()Ljava/lang/Object;+1
j  org.gradle.internal.service.DefaultServiceRegistry$FactoryService.assembleParameters()[Ljava/lang/Object;+30
j  org.gradle.internal.service.DefaultServiceRegistry$FactoryService.create()Ljava/lang/Object;+1
j  org.gradle.internal.service.DefaultServiceRegistry$ManagedObjectProvider.getInstance()Ljava/lang/Object;+9
j  org.gradle.internal.service.DefaultServiceRegistry$SingletonService.get()Ljava/lang/Object;+1
j  org.gradle.internal.service.DefaultServiceRegistry$FactoryService.assembleParameters()[Ljava/lang/Object;+30
j  org.gradle.internal.service.DefaultServiceRegistry$FactoryService.create()Ljava/lang/Object;+1
j  org.gradle.internal.service.DefaultServiceRegistry$ManagedObjectProvider.getInstance()Ljava/lang/Object;+9
j  org.gradle.internal.service.DefaultServiceRegistry$SingletonService.get()Ljava/lang/Object;+1
j  org.gradle.internal.service.DefaultServiceRegistry.doGet(Ljava/lang/reflect/Type;)Ljava/lang/Object;+87
j  org.gradle.internal.service.DefaultServiceRegistry.get(Ljava/lang/Class;)Ljava/lang/Object;+3
j  org.gradle.initialization.DefaultGradleLauncherFactory.doNewInstance(Lorg/gradle/StartParameter;Lorg/gradle/initialization/GradleLauncher;Lorg/gradle/initialization/BuildCancellationToken;Lorg/gradle/initialization/BuildRequestMetaData;Lorg/gradle/initialization/BuildEventConsumer;Lorg/gradle/internal/service/scopes/BuildSessionScopeServices;Ljava/util/List;)Lorg/gradle/initialization/DefaultGradleLauncher;+473
j  org.gradle.initialization.DefaultGradleLauncherFactory.newInstance(Lorg/gradle/StartParameter;Lorg/gradle/initialization/BuildRequestContext;Lorg/gradle/internal/service/ServiceRegistry;)Lorg/gradle/initialization/GradleLauncher;+69
j  org.gradle.launcher.exec.InProcessBuildActionExecuter.execute(Lorg/gradle/internal/invocation/BuildAction;Lorg/gradle/initialization/BuildRequestContext;Lorg/gradle/launcher/exec/BuildActionParameters;Lorg/gradle/internal/service/ServiceRegistry;)Ljava/lang/Object;+13
j  org.gradle.launcher.exec.InProcessBuildActionExecuter.execute(Lorg/gradle/internal/invocation/BuildAction;Lorg/gradle/initialization/BuildRequestContext;Ljava/lang/Object;Lorg/gradle/internal/service/ServiceRegistry;)Ljava/lang/Object;+9
j  org.gradle.tooling.internal.provider.ContinuousBuildActionExecuter.execute(Lorg/gradle/internal/invocation/BuildAction;Lorg/gradle/initialization/BuildRequestContext;Lorg/gradle/launcher/exec/BuildActionParameters;Lorg/gradle/internal/service/ServiceRegistry;)Ljava/lang/Object;+28
j  org.gradle.tooling.internal.provider.ContinuousBuildActionExecuter.execute(Lorg/gradle/internal/invocation/BuildAction;Lorg/gradle/initialization/BuildRequestContext;Ljava/lang/Object;Lorg/gradle/internal/service/ServiceRegistry;)Ljava/lang/Object;+9
j  org.gradle.tooling.internal.provider.ServicesSetupBuildActionExecuter.execute(Lorg/gradle/internal/invocation/BuildAction;Lorg/gradle/initialization/BuildRequestContext;Lorg/gradle/launcher/exec/BuildActionParameters;Lorg/gradle/internal/service/ServiceRegistry;)Ljava/lang/Object;+85
j  org.gradle.tooling.internal.provider.ServicesSetupBuildActionExecuter.execute(Lorg/gradle/internal/invocation/BuildAction;Lorg/gradle/initialization/BuildRequestContext;Ljava/lang/Object;Lorg/gradle/internal/service/ServiceRegistry;)Ljava/lang/Object;+9
j  org.gradle.tooling.internal.provider.GradleThreadBuildActionExecuter.execute(Lorg/gradle/internal/invocation/BuildAction;Lorg/gradle/initialization/BuildRequestContext;Lorg/gradle/launcher/exec/BuildActionParameters;Lorg/gradle/internal/service/ServiceRegistry;)Ljava/lang/Object;+12
j  org.gradle.tooling.internal.provider.GradleThreadBuildActionExecuter.execute(Lorg/gradle/internal/invocation/BuildAction;Lorg/gradle/initialization/BuildRequestContext;Ljava/lang/Object;Lorg/gradle/internal/service/ServiceRegistry;)Ljava/lang/Object;+9
j  org.gradle.tooling.internal.provider.StartParamsValidatingActionExecuter.execute(Lorg/gradle/internal/invocation/BuildAction;Lorg/gradle/initialization/BuildRequestContext;Lorg/gradle/launcher/exec/BuildActionParameters;Lorg/gradle/internal/service/ServiceRegistry;)Ljava/lang/Object;+257
j  org.gradle.tooling.internal.provider.StartParamsValidatingActionExecuter.execute(Lorg/gradle/internal/invocation/BuildAction;Lorg/gradle/initialization/BuildRequestContext;Ljava/lang/Object;Lorg/gradle/internal/service/ServiceRegistry;)Ljava/lang/Object;+9
j  org.gradle.tooling.internal.provider.SessionFailureReportingActionExecuter.execute(Lorg/gradle/internal/invocation/BuildAction;Lorg/gradle/initialization/BuildRequestContext;Lorg/gradle/launcher/exec/BuildActionParameters;Lorg/gradle/internal/service/ServiceRegistry;)Ljava/lang/Object;+9
j  org.gradle.tooling.internal.provider.SessionFailureReportingActionExecuter.execute(Lorg/gradle/internal/invocation/BuildAction;Lorg/gradle/initialization/BuildRequestContext;Ljava/lang/Object;Lorg/gradle/internal/service/ServiceRegistry;)Ljava/lang/Object;+9
j  org.gradle.tooling.internal.provider.SetupLoggingActionExecuter.execute(Lorg/gradle/internal/invocation/BuildAction;Lorg/gradle/initialization/BuildRequestContext;Lorg/gradle/launcher/exec/BuildActionParameters;Lorg/gradle/internal/service/ServiceRegistry;)Ljava/lang/Object;+79
j  org.gradle.tooling.internal.provider.SetupLoggingActionExecuter.execute(Lorg/gradle/internal/invocation/BuildAction;Lorg/gradle/initialization/BuildRequestContext;Ljava/lang/Object;Lorg/gradle/internal/service/ServiceRegistry;)Ljava/lang/Object;+9
j  org.gradle.launcher.daemon.server.exec.ExecuteBuild.doBuild(Lorg/gradle/launcher/daemon/server/api/DaemonCommandExecution;Lorg/gradle/launcher/daemon/protocol/Build;)V+114
j  org.gradle.launcher.daemon.server.exec.BuildCommandOnly.execute(Lorg/gradle/launcher/daemon/server/api/DaemonCommandExecution;)V+49
j  org.gradle.launcher.daemon.server.api.DaemonCommandExecution.proceed()Z+28
j  org.gradle.launcher.daemon.server.exec.WatchForDisconnection.execute(Lorg/gradle/launcher/daemon/server/api/DaemonCommandExecution;)V+19
j  org.gradle.launcher.daemon.server.api.DaemonCommandExecution.proceed()Z+28
j  org.gradle.launcher.daemon.server.exec.ResetDeprecationLogger.execute(Lorg/gradle/launcher/daemon/server/api/DaemonCommandExecution;)V+4
j  org.gradle.launcher.daemon.server.api.DaemonCommandExecution.proceed()Z+28
j  org.gradle.launcher.daemon.server.exec.RequestStopIfSingleUsedDaemon.execute(Lorg/gradle/launcher/daemon/server/api/DaemonCommandExecution;)V+33
j  org.gradle.launcher.daemon.server.api.DaemonCommandExecution.proceed()Z+28
j  org.gradle.launcher.daemon.server.exec.ForwardClientInput$2.call()Ljava/lang/Void;+4
j  org.gradle.launcher.daemon.server.exec.ForwardClientInput$2.call()Ljava/lang/Object;+1
j  org.gradle.util.Swapper.swap(Ljava/lang/Object;Ljava/util/concurrent/Callable;)Ljava/lang/Object;+21
j  org.gradle.launcher.daemon.server.exec.ForwardClientInput.execute(Lorg/gradle/launcher/daemon/server/api/DaemonCommandExecution;)V+63
j  org.gradle.launcher.daemon.server.api.DaemonCommandExecution.proceed()Z+28
j  org.gradle.launcher.daemon.server.exec.LogAndCheckHealth.execute(Lorg/gradle/launcher/daemon/server/api/DaemonCommandExecution;)V+28
j  org.gradle.launcher.daemon.server.api.DaemonCommandExecution.proceed()Z+28
j  org.gradle.launcher.daemon.server.exec.LogToClient.doBuild(Lorg/gradle/launcher/daemon/server/api/DaemonCommandExecution;Lorg/gradle/launcher/daemon/protocol/Build;)V+87
j  org.gradle.launcher.daemon.server.exec.BuildCommandOnly.execute(Lorg/gradle/launcher/daemon/server/api/DaemonCommandExecution;)V+49
j  org.gradle.launcher.daemon.server.api.DaemonCommandExecution.proceed()Z+28
j  org.gradle.launcher.daemon.server.exec.EstablishBuildEnvironment.doBuild(Lorg/gradle/launcher/daemon/server/api/DaemonCommandExecution;Lorg/gradle/launcher/daemon/protocol/Build;)V+279
j  org.gradle.launcher.daemon.server.exec.BuildCommandOnly.execute(Lorg/gradle/launcher/daemon/server/api/DaemonCommandExecution;)V+49
j  org.gradle.launcher.daemon.server.api.DaemonCommandExecution.proceed()Z+28
j  org.gradle.launcher.daemon.server.exec.StartBuildOrRespondWithBusy$1.run()V+44
j  org.gradle.launcher.daemon.server.DaemonStateCoordinator$1.run()V+4
j  org.gradle.internal.concurrent.ExecutorPolicy$CatchAndRecordFailures.onExecute(Ljava/lang/Runnable;)V+1
j  org.gradle.internal.concurrent.StoppableExecutorImpl$1.run()V+25
j  java.util.concurrent.ThreadPoolExecutor.runWorker(Ljava/util/concurrent/ThreadPoolExecutor$Worker;)V+95
j  java.util.concurrent.ThreadPoolExecutor$Worker.run()V+5
j  org.gradle.internal.concurrent.ThreadFactoryImpl$ManagedThreadRunnable.run()V+7
j  java.lang.Thread.run()V+11
v  ~StubRoutines::call_stub

---------------  P R O C E S S  ---------------

Java Threads: ( => current thread )
  0x0000000019783000 JavaThread "Cache worker for file hash cache (E:\Android\Mahfazty\.gradle\4.0-milestone-1\fileHashes)" [_thread_blocked, id=7892, stack(0x000000001b370000,0x000000001b470000)]
  0x00000000196ff000 JavaThread "File lock request listener" [_thread_in_native, id=7292, stack(0x000000001b270000,0x000000001b370000)]
  0x0000000019586000 JavaThread "Cache worker for file hash cache (C:\Users\eslam\.gradle\caches\4.0-milestone-1\fileHashes)" [_thread_blocked, id=8600, stack(0x000000001b170000,0x000000001b270000)]
  0x0000000019588000 JavaThread "Stdin handler" [_thread_blocked, id=6520, stack(0x000000001b070000,0x000000001b170000)]
  0x0000000019587800 JavaThread "Asynchronous log dispatcher for DefaultDaemonConnection: socket connection from /127.0.0.1:51405 to /127.0.0.1:51406" [_thread_blocked, id=8068, stack(0x000000001af70000,0x000000001b070000)]
=>0x0000000019581000 JavaThread "Daemon worker" [_thread_in_vm, id=7564, stack(0x000000001ae70000,0x000000001af70000)]
  0x000000001957f000 JavaThread "Cancel handler" [_thread_blocked, id=1912, stack(0x000000001ad70000,0x000000001ae70000)]
  0x00000000196d6800 JavaThread "Handler for socket connection from /127.0.0.1:51405 to /127.0.0.1:51406" [_thread_in_native, id=7796, stack(0x000000001aa70000,0x000000001ab70000)]
  0x00000000196d2000 JavaThread "Daemon" [_thread_blocked, id=4584, stack(0x000000001a970000,0x000000001aa70000)]
  0x00000000194e4800 JavaThread "Daemon periodic checks" [_thread_blocked, id=3504, stack(0x000000001a870000,0x000000001a970000)]
  0x00000000194dd800 JavaThread "Incoming local TCP Connector on port 51405" [_thread_in_native, id=920, stack(0x000000001a370000,0x000000001a470000)]
  0x0000000018088800 JavaThread "Service Thread" daemon [_thread_blocked, id=5224, stack(0x0000000018460000,0x0000000018560000)]
  0x000000001671c000 JavaThread "C1 CompilerThread2" daemon [_thread_blocked, id=7508, stack(0x0000000017f60000,0x0000000018060000)]
  0x0000000016719000 JavaThread "C2 CompilerThread1" daemon [_thread_blocked, id=8536, stack(0x0000000017e60000,0x0000000017f60000)]
  0x000000001672a000 JavaThread "C2 CompilerThread0" daemon [_thread_blocked, id=9144, stack(0x0000000017d60000,0x0000000017e60000)]
  0x0000000016728000 JavaThread "Attach Listener" daemon [_thread_blocked, id=9184, stack(0x0000000017c60000,0x0000000017d60000)]
  0x0000000016725000 JavaThread "Signal Dispatcher" daemon [_thread_blocked, id=2712, stack(0x0000000017b60000,0x0000000017c60000)]
  0x0000000016708000 JavaThread "Finalizer" daemon [_thread_blocked, id=1896, stack(0x0000000017970000,0x0000000017a70000)]
  0x00000000166e6800 JavaThread "Reference Handler" daemon [_thread_blocked, id=3712, stack(0x0000000017870000,0x0000000017970000)]
  0x0000000002cb0800 JavaThread "main" [_thread_blocked, id=8324, stack(0x0000000002ae0000,0x0000000002be0000)]

Other Threads:
  0x00000000166e4800 VMThread [stack: 0x0000000017770000,0x0000000017870000] [id=7680]
  0x000000001677b800 WatcherThread [stack: 0x0000000018560000,0x0000000018660000] [id=2812]

VM state:synchronizing (normal execution)

VM Mutex/Monitor currently owned by a thread:  ([mutex/lock_event])
[0x0000000002c3ba20] Threads_lock - owner thread: 0x00000000166e4800

Heap:
 PSYoungGen      total 38400K, used 32866K [0x00000000e0000000, 0x00000000e2a80000, 0x0000000100000000)
  eden space 33280K, 83% used [0x00000000e0000000,0x00000000e1b18b88,0x00000000e2080000)
  from space 5120K, 99% used [0x00000000e2580000,0x00000000e2a7fd00,0x00000000e2a80000)
  to   space 5120K, 0% used [0x00000000e2080000,0x00000000e2080000,0x00000000e2580000)
 ParOldGen       total 87552K, used 656K [0x00000000a0000000, 0x00000000a5580000, 0x00000000e0000000)
  object space 87552K, 0% used [0x00000000a0000000,0x00000000a00a4290,0x00000000a5580000)
 Metaspace       used 14828K, capacity 15174K, committed 15360K, reserved 1062912K
  class space    used 2068K, capacity 2189K, committed 2304K, reserved 1048576K

Card table byte_map: [0x0000000012170000,0x0000000012480000] byte_map_base: 0x0000000011c70000

Marking Bits: (ParMarkBitMap*) 0x00000000526af8f0
 Begin Bits: [0x0000000012a80000, 0x0000000014280000)
 End Bits:   [0x0000000014280000, 0x0000000015a80000)

Polling page: 0x0000000000f40000

CodeCache: size=245760Kb used=4692Kb max_used=4692Kb free=241067Kb
 bounds [0x0000000002db0000, 0x0000000003250000, 0x0000000011db0000]
 total_blobs=1719 nmethods=1350 adapters=282
 compilation: enabled

Compilation events (10 events):
Event: 3.029 Thread 0x000000001671c000 1347       3       java.lang.reflect.Constructor::getParameterTypes (11 bytes)
Event: 3.030 Thread 0x000000001671c000 nmethod 1347 0x0000000003241390 code [0x0000000003241500, 0x0000000003241808]
Event: 3.040 Thread 0x000000001671c000 1348       3       java.io.WinNTFileSystem::parentOrNull (171 bytes)
Event: 3.041 Thread 0x000000001671c000 nmethod 1348 0x0000000003245cd0 code [0x0000000003245f00, 0x0000000003246c78]
Event: 3.061 Thread 0x000000001671c000 1350       3       java.lang.Class::arrayContentsEq (70 bytes)
Event: 3.061 Thread 0x000000001671c000 nmethod 1350 0x0000000003245590 code [0x0000000003245720, 0x0000000003245b50]
Event: 3.127 Thread 0x000000001671c000 1352       3       java.util.concurrent.locks.AbstractQueuedSynchronizer::release (33 bytes)
Event: 3.127 Thread 0x000000001671c000 nmethod 1352 0x0000000003244c50 code [0x0000000003244dc0, 0x00000000032450d8]
Event: 3.127 Thread 0x000000001671c000 1353       3       java.util.concurrent.locks.AbstractQueuedSynchronizer::compareAndSetState (13 bytes)
Event: 3.127 Thread 0x000000001671c000 nmethod 1353 0x0000000003244910 code [0x0000000003244a60, 0x0000000003244bd0]

GC Heap History (4 events):
Event: 1.031 GC heap before
{Heap before GC invocations=1 (full 0):
 PSYoungGen      total 38400K, used 33280K [0x00000000e0000000, 0x00000000e2a80000, 0x0000000100000000)
  eden space 33280K, 100% used [0x00000000e0000000,0x00000000e2080000,0x00000000e2080000)
  from space 5120K, 0% used [0x00000000e2580000,0x00000000e2580000,0x00000000e2a80000)
  to   space 5120K, 0% used [0x00000000e2080000,0x00000000e2080000,0x00000000e2580000)
 ParOldGen       total 87552K, used 0K [0x00000000a0000000, 0x00000000a5580000, 0x00000000e0000000)
  object space 87552K, 0% used [0x00000000a0000000,0x00000000a0000000,0x00000000a5580000)
 Metaspace       used 6828K, capacity 6952K, committed 7040K, reserved 1056768K
  class space    used 839K, capacity 888K, committed 896K, reserved 1048576K
Event: 1.037 GC heap after
Heap after GC invocations=1 (full 0):
 PSYoungGen      total 38400K, used 4165K [0x00000000e0000000, 0x00000000e2a80000, 0x0000000100000000)
  eden space 33280K, 0% used [0x00000000e0000000,0x00000000e0000000,0x00000000e2080000)
  from space 5120K, 81% used [0x00000000e2080000,0x00000000e24914c0,0x00000000e2580000)
  to   space 5120K, 0% used [0x00000000e2580000,0x00000000e2580000,0x00000000e2a80000)
 ParOldGen       total 87552K, used 8K [0x00000000a0000000, 0x00000000a5580000, 0x00000000e0000000)
  object space 87552K, 0% used [0x00000000a0000000,0x00000000a0002000,0x00000000a5580000)
 Metaspace       used 6828K, capacity 6952K, committed 7040K, reserved 1056768K
  class space    used 839K, capacity 888K, committed 896K, reserved 1048576K
}
Event: 2.201 GC heap before
{Heap before GC invocations=2 (full 0):
 PSYoungGen      total 38400K, used 37445K [0x00000000e0000000, 0x00000000e2a80000, 0x0000000100000000)
  eden space 33280K, 100% used [0x00000000e0000000,0x00000000e2080000,0x00000000e2080000)
  from space 5120K, 81% used [0x00000000e2080000,0x00000000e24914c0,0x00000000e2580000)
  to   space 5120K, 0% used [0x00000000e2580000,0x00000000e2580000,0x00000000e2a80000)
 ParOldGen       total 87552K, used 8K [0x00000000a0000000, 0x00000000a5580000, 0x00000000e0000000)
  object space 87552K, 0% used [0x00000000a0000000,0x00000000a0002000,0x00000000a5580000)
 Metaspace       used 12117K, capacity 12422K, committed 12544K, reserved 1060864K
  class space    used 1610K, capacity 1741K, committed 1792K, reserved 1048576K
Event: 2.207 GC heap after
Heap after GC invocations=2 (full 0):
 PSYoungGen      total 38400K, used 5119K [0x00000000e0000000, 0x00000000e2a80000, 0x0000000100000000)
  eden space 33280K, 0% used [0x00000000e0000000,0x00000000e0000000,0x00000000e2080000)
  from space 5120K, 99% used [0x00000000e2580000,0x00000000e2a7fd00,0x00000000e2a80000)
  to   space 5120K, 0% used [0x00000000e2080000,0x00000000e2080000,0x00000000e2580000)
 ParOldGen       total 87552K, used 656K [0x00000000a0000000, 0x00000000a5580000, 0x00000000e0000000)
  object space 87552K, 0% used [0x00000000a0000000,0x00000000a00a4290,0x00000000a5580000)
 Metaspace       used 12117K, capacity 12422K, committed 12544K, reserved 1060864K
  class space    used 1610K, capacity 1741K, committed 1792K, reserved 1048576K
}

Deoptimization events (10 events):
Event: 1.461 Thread 0x0000000002cb0800 Uncommon trap: reason=unstable_if action=reinterpret pc=0x00000000030b05b4 method=java.io.WinNTFileSystem.normalize(Ljava/lang/String;II)Ljava/lang/String; @ 90
Event: 1.481 Thread 0x0000000002cb0800 Uncommon trap: reason=unstable_if action=reinterpret pc=0x00000000030412d4 method=java.lang.String.substring(I)Ljava/lang/String; @ 35
Event: 1.609 Thread 0x0000000002cb0800 Uncommon trap: reason=unstable_if action=reinterpret pc=0x0000000003010dc8 method=java.util.HashMap.getNode(ILjava/lang/Object;)Ljava/util/HashMap$Node; @ 129
Event: 1.610 Thread 0x0000000002cb0800 Uncommon trap: reason=bimorphic action=maybe_recompile pc=0x000000000303405c method=java.util.HashMap.putVal(ILjava/lang/Object;Ljava/lang/Object;ZZ)Ljava/lang/Object; @ 203
Event: 1.610 Thread 0x0000000002cb0800 Uncommon trap: reason=unstable_if action=reinterpret pc=0x0000000002feebfc method=java.util.HashMap.getNode(ILjava/lang/Object;)Ljava/util/HashMap$Node; @ 129
Event: 1.610 Thread 0x0000000002cb0800 Uncommon trap: reason=bimorphic action=maybe_recompile pc=0x000000000303405c method=java.util.HashMap.putVal(ILjava/lang/Object;Ljava/lang/Object;ZZ)Ljava/lang/Object; @ 203
Event: 2.168 Thread 0x0000000019581000 Uncommon trap: reason=bimorphic action=maybe_recompile pc=0x000000000303352c method=java.util.HashMap.putVal(ILjava/lang/Object;Ljava/lang/Object;ZZ)Ljava/lang/Object; @ 253
Event: 2.169 Thread 0x0000000019581000 Uncommon trap: reason=bimorphic action=maybe_recompile pc=0x000000000303352c method=java.util.HashMap.putVal(ILjava/lang/Object;Ljava/lang/Object;ZZ)Ljava/lang/Object; @ 253
Event: 2.169 Thread 0x0000000019581000 Uncommon trap: reason=bimorphic action=maybe_recompile pc=0x000000000302b498 method=java.util.HashMap.putVal(ILjava/lang/Object;Ljava/lang/Object;ZZ)Ljava/lang/Object; @ 253
Event: 2.325 Thread 0x0000000019581000 Uncommon trap: reason=class_check action=maybe_recompile pc=0x0000000003014bdc method=java.util.regex.Matcher.match(II)Z @ 86

Internal exceptions (10 events):
Event: 2.088 Thread 0x00000000196d6800 Exception <a 'java/lang/NoSuchMethodError': <clinit>> (0x00000000e1b72568) thrown at [D:\src\AOSP-openjdk-cygwin\jdk8u\hotspot\src\share\vm\prims\jni.cpp, line 1613]
Event: 2.090 Thread 0x00000000196d6800 Exception <a 'java/lang/NoSuchMethodError': <clinit>> (0x00000000e1b8a280) thrown at [D:\src\AOSP-openjdk-cygwin\jdk8u\hotspot\src\share\vm\prims\jni.cpp, line 1613]
Event: 2.091 Thread 0x00000000196d6800 Exception <a 'java/lang/NoSuchMethodError': <clinit>> (0x00000000e1b92d08) thrown at [D:\src\AOSP-openjdk-cygwin\jdk8u\hotspot\src\share\vm\prims\jni.cpp, line 1613]
Event: 2.093 Thread 0x00000000196d6800 Exception <a 'java/lang/NoSuchMethodError': <clinit>> (0x00000000e1ba4528) thrown at [D:\src\AOSP-openjdk-cygwin\jdk8u\hotspot\src\share\vm\prims\jni.cpp, line 1613]
Event: 2.114 Thread 0x00000000196d6800 Exception <a 'java/lang/NoSuchMethodError': <clinit>> (0x00000000e1c27b38) thrown at [D:\src\AOSP-openjdk-cygwin\jdk8u\hotspot\src\share\vm\prims\jni.cpp, line 1613]
Event: 2.121 Thread 0x00000000196d6800 Exception <a 'java/lang/NoSuchMethodError': <clinit>> (0x00000000e1c35a90) thrown at [D:\src\AOSP-openjdk-cygwin\jdk8u\hotspot\src\share\vm\prims\jni.cpp, line 1613]
Event: 2.123 Thread 0x00000000196d6800 Exception <a 'java/lang/NoSuchMethodError': <clinit>> (0x00000000e1c41c58) thrown at [D:\src\AOSP-openjdk-cygwin\jdk8u\hotspot\src\share\vm\prims\jni.cpp, line 1613]
Event: 2.130 Thread 0x00000000196d6800 Exception <a 'java/lang/NoSuchMethodError': <clinit>> (0x00000000e1c64218) thrown at [D:\src\AOSP-openjdk-cygwin\jdk8u\hotspot\src\share\vm\prims\jni.cpp, line 1613]
Event: 2.161 Thread 0x0000000019581000 Exception <a 'java/lang/NoSuchMethodError': <clinit>> (0x00000000e1d6aa60) thrown at [D:\src\AOSP-openjdk-cygwin\jdk8u\hotspot\src\share\vm\prims\jni.cpp, line 1613]
Event: 2.162 Thread 0x0000000019581000 Exception <a 'java/lang/NoSuchMethodError': <clinit>> (0x00000000e1d72ce8) thrown at [D:\src\AOSP-openjdk-cygwin\jdk8u\hotspot\src\share\vm\prims\jni.cpp, line 1613]

Events (10 events):
Event: 3.063 loading class org/gradle/api/internal/AsmBackedClassGenerator$ClassBuilderImpl$9
Event: 3.063 loading class org/gradle/api/internal/AsmBackedClassGenerator$ClassBuilderImpl$9 done
Event: 3.063 loading class org/gradle/api/internal/AsmBackedClassGenerator$ClassBuilderImpl$10
Event: 3.063 loading class org/gradle/api/internal/AsmBackedClassGenerator$ClassBuilderImpl$10 done
Event: 3.063 loading class org/gradle/api/internal/AsmBackedClassGenerator$ClassBuilderImpl$4
Event: 3.063 loading class org/gradle/api/internal/AsmBackedClassGenerator$ClassBuilderImpl$4 done
Event: 3.064 loading class org/gradle/api/internal/AsmBackedClassGenerator$ClassBuilderImpl$11
Event: 3.064 loading class org/gradle/api/internal/AsmBackedClassGenerator$ClassBuilderImpl$11 done
Event: 3.064 loading class org/gradle/model/internal/asm/AsmClassGeneratorUtils
Event: 3.064 loading class org/gradle/model/internal/asm/AsmClassGeneratorUtils done


Dynamic libraries:
0x00007ff61cfa0000 - 0x00007ff61cfd1000 	C:\Program Files\Android\android-studio Preview\jre\bin\java.exe
0x00007ffa9dbb0000 - 0x00007ffa9dd81000 	C:\WINDOWS\SYSTEM32\ntdll.dll
0x00007ffa9d030000 - 0x00007ffa9d0dc000 	C:\WINDOWS\System32\KERNEL32.DLL
0x00007ffa9a2e0000 - 0x00007ffa9a4fd000 	C:\WINDOWS\System32\KERNELBASE.dll
0x00007ffa9d6c0000 - 0x00007ffa9d762000 	C:\WINDOWS\System32\ADVAPI32.dll
0x00007ffa9b900000 - 0x00007ffa9b99e000 	C:\WINDOWS\System32\msvcrt.dll
0x00007ffa9d0e0000 - 0x00007ffa9d139000 	C:\WINDOWS\System32\sechost.dll
0x00007ffa9b9f0000 - 0x00007ffa9bb11000 	C:\WINDOWS\System32\RPCRT4.dll
0x00007ffa9b790000 - 0x00007ffa9b8f5000 	C:\WINDOWS\System32\USER32.dll
0x00007ffa9af50000 - 0x00007ffa9af6e000 	C:\WINDOWS\System32\win32u.dll
0x00007ffa9b9a0000 - 0x00007ffa9b9d4000 	C:\WINDOWS\System32\GDI32.dll
0x00007ffa9a0a0000 - 0x00007ffa9a222000 	C:\WINDOWS\System32\gdi32full.dll
0x00007ffa94700000 - 0x00007ffa9497a000 	C:\WINDOWS\WinSxS\amd64_microsoft.windows.common-controls_6595b64144ccf1df_6.0.14393.953_none_42151e83c686086b\COMCTL32.dll
0x00007ffa9d240000 - 0x00007ffa9d508000 	C:\WINDOWS\System32\combase.dll
0x00007ffa9a6c0000 - 0x00007ffa9a7b5000 	C:\WINDOWS\System32\ucrtbase.dll
0x00007ffa9a5b0000 - 0x00007ffa9a61a000 	C:\WINDOWS\System32\bcryptPrimitives.dll
0x00007ffa9b440000 - 0x00007ffa9b46e000 	C:\WINDOWS\System32\IMM32.DLL
0x0000000051e10000 - 0x0000000051ee2000 	C:\Program Files\Android\android-studio Preview\jre\jre\bin\msvcr100.dll
0x0000000051ef0000 - 0x000000005272a000 	C:\Program Files\Android\android-studio Preview\jre\jre\bin\server\jvm.dll
0x00007ffa9b9e0000 - 0x00007ffa9b9e8000 	C:\WINDOWS\System32\PSAPI.DLL
0x00007ffa98540000 - 0x00007ffa98563000 	C:\WINDOWS\SYSTEM32\WINMM.dll
0x00007ffa909f0000 - 0x00007ffa909f9000 	C:\WINDOWS\SYSTEM32\WSOCK32.dll
0x00007ffa96e80000 - 0x00007ffa96e8a000 	C:\WINDOWS\SYSTEM32\VERSION.dll
0x00007ffa9b270000 - 0x00007ffa9b2da000 	C:\WINDOWS\System32\WS2_32.dll
0x00007ffa984e0000 - 0x00007ffa9850b000 	C:\WINDOWS\SYSTEM32\WINMMBASE.dll
0x00007ffa9a500000 - 0x00007ffa9a542000 	C:\WINDOWS\System32\cfgmgr32.dll
0x00007ffa8edf0000 - 0x00007ffa8edff000 	C:\Program Files\Android\android-studio Preview\jre\jre\bin\verify.dll
0x00007ffa8eb90000 - 0x00007ffa8ebb9000 	C:\Program Files\Android\android-studio Preview\jre\jre\bin\java.dll
0x00007ffa8e810000 - 0x00007ffa8e826000 	C:\Program Files\Android\android-studio Preview\jre\jre\bin\zip.dll
0x00007ffa9bb20000 - 0x00007ffa9d028000 	C:\WINDOWS\System32\SHELL32.dll
0x00007ffa9a7c0000 - 0x00007ffa9ae9a000 	C:\WINDOWS\System32\windows.storage.dll
0x00007ffa9a010000 - 0x00007ffa9a05c000 	C:\WINDOWS\System32\powrprof.dll
0x00007ffa9b140000 - 0x00007ffa9b192000 	C:\WINDOWS\System32\shlwapi.dll
0x00007ffa9a060000 - 0x00007ffa9a06f000 	C:\WINDOWS\System32\kernel.appcore.dll
0x00007ffa9a230000 - 0x00007ffa9a2d9000 	C:\WINDOWS\System32\shcore.dll
0x00007ffa9a080000 - 0x00007ffa9a094000 	C:\WINDOWS\System32\profapi.dll
0x00007ffa8bdc0000 - 0x00007ffa8bdda000 	C:\Program Files\Android\android-studio Preview\jre\jre\bin\net.dll
0x00007ffa99940000 - 0x00007ffa9999c000 	C:\WINDOWS\system32\mswsock.dll
0x00007ffa8bd00000 - 0x00007ffa8bd11000 	C:\Program Files\Android\android-studio Preview\jre\jre\bin\nio.dll
0x00007ffa8bc80000 - 0x00007ffa8bc9e000 	C:\Users\eslam\.gradle\native\25\windows-amd64\native-platform.dll
0x00007ffa99ae0000 - 0x00007ffa99af7000 	C:\WINDOWS\SYSTEM32\CRYPTSP.dll
0x00007ffa99540000 - 0x00007ffa99573000 	C:\WINDOWS\system32\rsaenh.dll
0x00007ffa99bf0000 - 0x00007ffa99c1b000 	C:\WINDOWS\SYSTEM32\bcrypt.dll
0x00007ffa997c0000 - 0x00007ffa997df000 	C:\WINDOWS\SYSTEM32\USERENV.dll
0x00007ffa99b00000 - 0x00007ffa99b0b000 	C:\WINDOWS\SYSTEM32\CRYPTBASE.dll
0x00007ffa996c0000 - 0x00007ffa996f8000 	C:\WINDOWS\SYSTEM32\IPHLPAPI.DLL
0x00007ffa9b1a0000 - 0x00007ffa9b1a8000 	C:\WINDOWS\System32\NSI.dll
0x00007ffa938b0000 - 0x00007ffa938c6000 	C:\WINDOWS\SYSTEM32\dhcpcsvc6.DLL
0x00007ffa93890000 - 0x00007ffa938aa000 	C:\WINDOWS\SYSTEM32\dhcpcsvc.DLL
0x00007ffa8e800000 - 0x00007ffa8e80d000 	C:\Program Files\Android\android-studio Preview\jre\jre\bin\management.dll
0x00007ffa8b7b0000 - 0x00007ffa8b942000 	C:\WINDOWS\SYSTEM32\dbghelp.dll

VM Arguments:
jvm_args: -Xmx1536m -Dfile.encoding=windows-1252 -Duser.country=US -Duser.language=en -Duser.variant 
java_command: org.gradle.launcher.daemon.bootstrap.GradleDaemon 4.0-milestone-1
java_class_path (initial): C:\Users\eslam\.gradle\wrapper\dists\gradle-4.0-milestone-1-all\2rnr7rhi2zsmkxo9re7615fy6\gradle-4.0-milestone-1\lib\gradle-launcher-4.0.jar
Launcher Type: SUN_STANDARD

Environment Variables:
PATH=C:\ProgramData\Oracle\Java\javapath;C:\WINDOWS\system32;C:\WINDOWS;C:\WINDOWS\System32\Wbem;C:\WINDOWS\System32\WindowsPowerShell\v1.0\;C:\Users\eslam\AppData\Local\Microsoft\WindowsApps;C:\Users\eslam\AppData\Roaming\Dashlane\4.7.2.30899\bin\Firefox_Extension\{442718d9-475e-452a-b3e1-fb1ee16b8e9f}\components;C:\Users\eslam\AppData\Roaming\Dashlane\4.7.2.30899\ucrt
USERNAME=eslam
OS=Windows_NT
PROCESSOR_IDENTIFIER=Intel64 Family 6 Model 42 Stepping 7, GenuineIntel



---------------  S Y S T E M  ---------------

OS: Windows 10.0 , 64 bit Build 14393 (10.0.14393.1198)

CPU:total 4 (2 cores per cpu, 2 threads per core) family 6 model 42 stepping 7, cmov, cx8, fxsr, mmx, sse, sse2, sse3, ssse3, sse4.1, sse4.2, popcnt, avx, aes, clmul, ht, tsc, tscinvbit

Memory: 4k page, physical 8337772k(3763808k free), swap 9648492k(3995960k free)

vm_info: OpenJDK 64-Bit Server VM (25.112-b736) for windows-amd64 JRE (1.8.0_112-release-736), built on Mar  6 2017 17:02:07 by "builder" with MS VC++ 10.0 (VS2010)

time: Wed Jun 07 00:42:46 2017
elapsed time: 4 seconds (0d 0h 0m 4s)

